<?xml version="1.0" encoding="UTF-8"?>
<!-- Generated by org.testng.reporters.JUnitXMLReporter -->
<testsuite ignored="0" hostname="LAPTOP-CHFSUI5B" failures="0" tests="3" name="ParticularTest" time="40.881" errors="0" timestamp="2020-05-31T17:36:06 IST">
  <testcase classname="testNG.DataProvider" name="testGoogle" time="13.382"/>
  <testcase classname="testNG.DataProvider" name="testGoogle" time="15.438"/>
  <testcase classname="testNG.DataProvider" name="testGoogle" time="11.952"/>
</testsuite> <!-- ParticularTest -->
