<?xml version="1.0" encoding="UTF-8"?>
<!-- Generated by org.testng.reporters.JUnitXMLReporter -->
<testsuite ignored="2" hostname="LAPTOP-CHFSUI5B" failures="0" tests="1" name="Default test(failed)(failed)" time="0.124" errors="0" timestamp="2020-05-29T14:57:47 IST">
  <testcase classname="testNG.ReRunFailedTestCases" name="testfail" time="0.043"/>
  <testcase classname="testNG.ReRunFailedTestCases" name="testing" time="0.0">
    <ignored/>
  </testcase> <!-- testing -->
  <testcase classname="testNG.ReRunFailedTestCases" name="testcase1" time="0.0">
    <ignored/>
  </testcase> <!-- testcase1 -->
</testsuite> <!-- Default test(failed)(failed) -->
