<?xml version="1.0" encoding="UTF-8"?>
<!-- Generated by org.testng.reporters.JUnitXMLReporter -->
<testsuite ignored="2" hostname="LAPTOP-CHFSUI5B" failures="0" tests="4" name="Concurrent test" time="0.091" errors="0" timestamp="2020-06-07T22:35:38 IST">
  <testcase classname="testNG.SuiteTest1" name="f1" time="0.009"/>
  <testcase classname="testNG.SuiteTest1" name="f" time="0.002"/>
  <testcase classname="testNG.SuiteTest2" name="f" time="0.002"/>
  <testcase classname="testNG.SuiteTest2" name="f1" time="0.002"/>
  <testcase classname="testNG.SuiteTest2" name="@BeforeTest beforeTest" time="0.0">
    <ignored/>
  </testcase> <!-- @BeforeTest beforeTest -->
  <testcase classname="testNG.SuiteTest2" name="@AfterTest afterTest" time="0.0">
    <ignored/>
  </testcase> <!-- @AfterTest afterTest -->
</testsuite> <!-- Concurrent test -->
