<?xml version="1.0" encoding="UTF-8"?>
<!-- Generated by org.testng.reporters.JUnitXMLReporter -->
<testsuite ignored="2" hostname="LAPTOP-CHFSUI5B" failures="0" tests="4" name="parallel test" time="0.096" errors="0" timestamp="2020-05-24T22:22:52 IST">
  <testcase classname="testNG.SuiteTest1" name="f" time="0.013"/>
  <testcase classname="testNG.SuiteTest1" name="f1" time="0.002"/>
  <testcase classname="testNG.SuiteTest2" name="f" time="0.001"/>
  <testcase classname="testNG.SuiteTest2" name="f1" time="0.002"/>
  <testcase classname="basesuite.NewTest" name="@AfterSuite afterSuite" time="0.0">
    <ignored/>
  </testcase> <!-- @AfterSuite afterSuite -->
  <testcase classname="basesuite.NewTest" name="@BeforeSuite beforeSuite" time="0.0">
    <ignored/>
  </testcase> <!-- @BeforeSuite beforeSuite -->
</testsuite> <!-- parallel test -->
