<?xml version="1.0" encoding="UTF-8"?>
<!-- Generated by org.testng.reporters.JUnitXMLReporter -->
<testsuite ignored="0" hostname="LAPTOP-CHFSUI5B" failures="0" tests="3" name="Assign2_TC001" time="0.093" errors="0" timestamp="2020-06-06T23:04:05 IST">
  <testcase classname="Assignment2.TestCase2" name="@BeforeTest getDriver" time="0.006">
    <failure type="java.lang.NullPointerException">
      <![CDATA[java.lang.NullPointerException
at Assignment2.TestCase1.RedirectDriver(TestCase1.java:126)
at Assignment2.TestCase2.getDriver(TestCase2.java:34)
... Removed 24 stack frames]]>
    </failure>
  </testcase> <!-- @BeforeTest getDriver -->
  <testcase classname="Assignment2.TestCase2" name="@AfterTest d" time="-1.591464845077E9">
    <skipped/>
  </testcase> <!-- @AfterTest d -->
  <testcase classname="Assignment2.TestCase1" name="TC_001" time="0.0">
    <skipped/>
  </testcase> <!-- TC_001 -->
  <testcase classname="Assignment2.TestCase1" name="TC_001" time="0.0">
    <skipped/>
  </testcase> <!-- TC_001 -->
  <testcase classname="Assignment2.TestCase2" name="TC_002" time="0.0">
    <skipped/>
  </testcase> <!-- TC_002 -->
</testsuite> <!-- Assign2_TC001 -->
