<?xml version="1.0" encoding="UTF-8"?>
<!-- Generated by org.testng.reporters.JUnitXMLReporter -->
<testsuite ignored="0" hostname="LAPTOP-CHFSUI5B" failures="0" tests="2" name="ExpediaFlightTest" time="0.083" errors="0" timestamp="2020-06-06T14:02:16 IST">
  <testcase classname="Assignment2.TestCase2" name="@BeforeTest getDriver" time="0.006">
    <failure type="java.lang.NullPointerException">
      <![CDATA[java.lang.NullPointerException
at Assignment2.TestCase1.RedirectDriver(TestCase1.java:122)
at Assignment2.TestCase2.getDriver(TestCase2.java:14)
... Removed 24 stack frames]]>
    </failure>
  </testcase> <!-- @BeforeTest getDriver -->
  <testcase classname="Assignment2.TestCase2" name="@AfterTest d" time="-1.591432336507E9">
    <skipped/>
  </testcase> <!-- @AfterTest d -->
  <testcase classname="Assignment2.TestCase1" name="TC_001" time="0.0">
    <skipped/>
  </testcase> <!-- TC_001 -->
  <testcase classname="Assignment2.TestCase2" name="f" time="0.0">
    <skipped/>
  </testcase> <!-- f -->
</testsuite> <!-- ExpediaFlightTest -->
