<?xml version="1.0" encoding="UTF-8"?>
<!-- Generated by org.testng.reporters.JUnitXMLReporter -->
<testsuite ignored="2" hostname="LAPTOP-CHFSUI5B" failures="0" tests="2" name="grouping test" time="0.091" errors="0" timestamp="2020-05-27T15:13:47 IST">
  <testcase classname="testNG.grouping" name="Google" time="0.008"/>
  <testcase classname="testNG.grouping" name="Instagram" time="0.003"/>
  <testcase classname="testNG.grouping" name="Yahoo" time="0.0">
    <ignored/>
  </testcase> <!-- Yahoo -->
  <testcase classname="testNG.grouping" name="facebook" time="0.0">
    <ignored/>
  </testcase> <!-- facebook -->
</testsuite> <!-- grouping test -->
